Removed Pin From Net: NetName=DISCHARGE_REMOTE Pin=J14-1
Removed Pin From Net: NetName=DISCHARGE_REMOTE Pin=J14-1
Removed Pin From Net: NetName=DISCHARGE_LOCAL Pin=J14-2
Removed Pin From Net: NetName=DISCHARGE_LOCAL Pin=J14-2
Removed Pin From Net: NetName=MEASURE_REMOTE Pin=J15-1
Removed Pin From Net: NetName=MEASURE_REMOTE Pin=J15-1
Removed Pin From Net: NetName=MEASURE_LOCAL Pin=J15-2
Removed Pin From Net: NetName=MEASURE_LOCAL Pin=J15-2
Removed Pin From Net: NetName=MEASURE_LOCAL Pin=J28-1
Removed Pin From Net: NetName=MEASURE_LOCAL Pin=J28-1
Removed Pin From Net: NetName=DISCHARGE_REMOTE Pin=J28-2
Removed Pin From Net: NetName=DISCHARGE_REMOTE Pin=J28-2
Removed Pin From Net: NetName=DISCHARGE_LOCAL Pin=J29-1
Removed Pin From Net: NetName=DISCHARGE_LOCAL Pin=J29-1
Removed Pin From Net: NetName=MEASURE_REMOTE Pin=J29-2
Removed Pin From Net: NetName=MEASURE_REMOTE Pin=J29-2
Removed Member From Class: ClassName=module_board Member=J14
Removed Member From Class: ClassName=module_board Member=J15
Removed Member From Class: ClassName=module_board Member=J28
Removed Member From Class: ClassName=module_board Member=J29
Added Component: Designator=R34(0603)
Added Component: Designator=R35(0603)
Added Component: Designator=R36(0603)
Added Component: Designator=R37(0603)
Added Pin To Net: NetName=DISCHARGE_LOCAL Pin=R34-1
Added Pin To Net: NetName=DISCHARGE_REMOTE Pin=R34-2
Added Pin To Net: NetName=MEASURE_LOCAL Pin=R35-1
Added Pin To Net: NetName=MEASURE_REMOTE Pin=R35-2
Added Pin To Net: NetName=DISCHARGE_REMOTE Pin=R36-1
Added Pin To Net: NetName=MEASURE_LOCAL Pin=R36-2
Added Pin To Net: NetName=MEASURE_REMOTE Pin=R37-1
Added Pin To Net: NetName=DISCHARGE_LOCAL Pin=R37-2
Added Member To Class: ClassName=module_board Member=Component R34 0k
Added Member To Class: ClassName=module_board Member=Component R35 0k
Added Member To Class: ClassName=module_board Member=Component R36 0k
Added Member To Class: ClassName=module_board Member=Component R37 0k
